POST:
Array
(
    [action] => insertspringitem
    [spring_type_id] => 1
    [component_id] => 3
    [sc_ut] => 1
    [pn_ut] => 1
    [soh_ut] => 1
    [ito] => 0
    [a_usage] => 0
    [details] => Array
        (
            [0] => Array
                (
                    [sc_kpp] => 1
                    [pn_sm] => 1
                    [soh_sm] => 1
                    [jumlah_order] => 0
                    [mit] => 0
                    [d_out] => 0
                    [brand_id] => 2
                )

        )

)


==== INSERT SPRING ITEM ====
POST:
Array
(
    [action] => insertspringitem
    [spring_type_id] => 1
    [component_id] => 3
    [sc_ut] => 1
    [pn_ut] => 1
    [soh_ut] => 0
    [ito] => 0
    [a_usage] => 0
    [details] => Array
        (
            [0] => Array
                (
                    [sc_kpp] => 1
                    [pn_sm] => 1
                    [soh_sm] => 1
                    [jumlah_order] => 0
                    [mit] => 0
                    [d_out] => 0
                    [brand_id] => 2
                )

        )

)


==== INSERT SPRING ITEM ====
POST:
Array
(
    [action] => insertspringitem
    [spring_type_id] => 1
    [component_id] => 3
    [sc_ut] => 1
    [pn_ut] => 1
    [soh_ut] => 0
    [ito] => 0
    [a_usage] => 0
    [details] => Array
        (
            [0] => Array
                (
                    [sc_kpp] => 1
                    [pn_sm] => 1
                    [soh_sm] => 1
                    [jumlah_order] => 0
                    [mit] => 0
                    [d_out] => 0
                    [brand_id] => 2
                )

        )

)
SQL: INSERT INTO spring_items (spring_type_id, component_id, sc_ut, pn_ut, soh_ut, total_soh, ito, a_usage, readiness) VALUES ('1', '3', '1', '1', '0', '1', '0', '0', '0')

==== INSERT SPRING ITEM ====
POST:
Array
(
    [action] => insertspringitem
    [spring_type_id] => 1
    [component_id] => 3
    [sc_ut] => 1
    [pn_ut] => 1
    [soh_ut] => 0
    [ito] => 0
    [a_usage] => 0
    [details] => Array
        (
            [0] => Array
                (
                    [sc_kpp] => 1
                    [pn_sm] => 1
                    [soh_sm] => 1
                    [jumlah_order] => 0
                    [mit] => 0
                    [d_out] => 0
                    [brand_id] => 2
                )

        )

)
SQL: INSERT INTO spring_items (spring_type_id, component_id, sc_ut, pn_ut, soh_ut, total_soh, ito, a_usage, readiness) VALUES ('1', '3', '1', '1', '0', '1', '0', '0', '0')

==== INSERT SPRING ITEM ====
POST:
Array
(
    [action] => insertspringitem
    [spring_type_id] => 1
    [component_id] => 3
    [sc_ut] => 1
    [pn_ut] => 1
    [soh_ut] => 0
    [ito] => 0
    [a_usage] => 0
    [details] => Array
        (
            [0] => Array
                (
                    [sc_kpp] => 1
                    [pn_sm] => 1
                    [soh_sm] => 1
                    [jumlah_order] => 0
                    [mit] => 0
                    [d_out] => 0
                    [brand_id] => 3
                )

        )

)
SQL: INSERT INTO spring_items (spring_type_id, component_id, sc_ut, pn_ut, soh_ut, total_soh, ito, a_usage, readiness) VALUES ('1', '3', '1', '1', '0', '1', '0', '0', '0')

==== INSERT SPRING ITEM ====
POST:
Array
(
    [action] => insertspringitem
    [spring_type_id] => 1
    [component_id] => 3
    [sc_ut] => 1
    [pn_ut] => 1
    [soh_ut] => 3
    [ito] => 0
    [a_usage] => 0
    [details] => Array
        (
            [0] => Array
                (
                    [sc_kpp] => 1
                    [pn_sm] => 1
                    [soh_sm] => 2
                    [jumlah_order] => 0
                    [mit] => 0
                    [d_out] => 0
                    [brand_id] => 3
                )

        )

)
SQL: INSERT INTO spring_items (spring_type_id, component_id, sc_ut, pn_ut, soh_ut, total_soh, ito, a_usage, readiness) VALUES ('1', '3', '1', '1', '3', '5', '0', '0', '0')

==== INSERT SPRING ITEM ====
POST:
Array
(
    [action] => insertspringitem
    [spring_type_id] => 1
    [component_id] => 3
    [sc_ut] => 1
    [pn_ut] => 1
    [soh_ut] => 0
    [ito] => 0
    [a_usage] => 0
    [details] => Array
        (
            [0] => Array
                (
                    [sc_kpp] => 1
                    [pn_sm] => 1
                    [soh_sm] => 2
                    [jumlah_order] => 0
                    [mit] => 0
                    [d_out] => 0
                    [brand_id] => 2
                )

        )

)
SQL: INSERT INTO spring_items (spring_type_id, component_id, sc_ut, pn_ut, soh_ut, total_soh, ito, a_usage, readiness) VALUES ('1', '3', '1', '1', '0', '2', '0', '0', '0')

==== INSERT SPRING ITEM ====
POST:
Array
(
    [action] => insertspringitem
    [spring_type_id] => 1
    [component_id] => 3
    [sc_ut] => 1
    [pn_ut] => 1
    [soh_ut] => 2
    [ito] => 0
    [a_usage] => 0
    [details] => Array
        (
            [0] => Array
                (
                    [sc_kpp] => 1
                    [pn_sm] => 1
                    [soh_sm] => 1
                    [jumlah_order] => 0
                    [mit] => 0
                    [d_out] => 0
                    [brand_id] => 2
                )

        )

)
SQL: INSERT INTO spring_items (spring_type_id, component_id, sc_ut, pn_ut, soh_ut, total_soh, ito, a_usage, readiness) VALUES ('1', '3', '1', '1', '2', '3', '0', '0', '0')

==== INSERT SPRING ITEM ====
POST:
Array
(
    [action] => insertspringitem
    [spring_type_id] => 1
    [component_id] => 3
    [sc_ut] => 1
    [pn_ut] => 1
    [soh_ut] => 4
    [ito] => 0
    [a_usage] => 0
    [details] => Array
        (
            [0] => Array
                (
                    [sc_kpp] => 1
                    [pn_sm] => 1
                    [soh_sm] => 2
                    [jumlah_order] => 0
                    [mit] => 0
                    [d_out] => 0
                    [brand_id] => 2
                )

        )

)
SQL: INSERT INTO spring_items (spring_type_id, component_id, sc_ut, pn_ut, soh_ut, total_soh, ito, a_usage, readiness) VALUES ('1', '3', '1', '1', '4', '6', '0', '0', '0')

==== INSERT SPRING ITEM ====
POST:
Array
(
    [action] => insertspringitem
    [spring_type_id] => 1
    [component_id] => 3
    [sc_ut] => 1
    [pn_ut] => 1
    [soh_ut] => 2
    [ito] => 0
    [a_usage] => 0
    [details] => Array
        (
            [0] => Array
                (
                    [sc_kpp] => 1
                    [pn_sm] => 1
                    [soh_sm] => 2
                    [jumlah_order] => 0
                    [mit] => 0
                    [d_out] => 0
                    [brand_id] => 2
                )

        )

)
Inserting spring_item:
Array
(
    [spring_type_id] => 1
    [component_id] => 3
    [sc_ut] => 1
    [pn_ut] => 1
    [soh_ut] => 2
    [total_soh] => 4
    [ito] => 0
    [a_usage] => 0
    [readiness] => 0
)
SQL: INSERT INTO spring_items (spring_type_id, component_id, sc_ut, pn_ut, soh_ut, total_soh, ito, a_usage, readiness) VALUES ('1', '3', '1', '1', '2', '4', '0', '0', '0')

==== INSERT SPRING ITEM ====
POST:
Array
(
    [action] => insertspringitem
    [spring_type_id] => 1
    [component_id] => 3
    [sc_ut] => 1
    [pn_ut] => 1
    [soh_ut] => 0
    [ito] => 0
    [a_usage] => 0
    [details] => Array
        (
            [0] => Array
                (
                    [sc_kpp] => 1
                    [pn_sm] => 1
                    [soh_sm] => 1
                    [jumlah_order] => 0
                    [mit] => 0
                    [d_out] => 0
                    [brand_id] => 2
                )

        )

)
Inserting spring_item:
Array
(
    [spring_type_id] => 1
    [component_id] => 3
    [sc_ut] => 1
    [pn_ut] => 1
    [soh_ut] => 0
    [total_soh] => 1
    [ito] => 0
    [a_usage] => 0
    [readiness] => 0
)
SQL: INSERT INTO spring_items (spring_type_id, component_id, sc_ut, pn_ut, soh_ut, total_soh, ito, a_usage, readiness) VALUES ('1', '3', '1', '1', '0', '1', '0', '0', '0')

==== INSERT SPRING ITEM ====
POST:
Array
(
    [action] => insertspringitem
    [spring_type_id] => 1
    [component_id] => 3
    [sc_ut] => 1
    [pn_ut] => 1
    [soh_ut] => 2
    [ito] => 0
    [a_usage] => 0
    [details] => Array
        (
            [0] => Array
                (
                    [sc_kpp] => 1
                    [pn_sm] => 1
                    [soh_sm] => 2
                    [jumlah_order] => 0
                    [mit] => 0
                    [d_out] => 0
                    [brand_id] => 2
                )

        )

)
Inserting spring_item:
Array
(
    [spring_type_id] => 1
    [component_id] => 3
    [sc_ut] => 1
    [pn_ut] => 1
    [soh_ut] => 2
    [total_soh] => 4
    [ito] => 0
    [a_usage] => 0
    [readiness] => 0
)
SQL: INSERT INTO spring_items (spring_type_id, component_id, sc_ut, pn_ut, soh_ut, total_soh, ito, a_usage, readiness) VALUES ('1', '3', '1', '1', '2', '4', '0', '0', '0')

==== INSERT SPRING ITEM ====
POST:
Array
(
    [action] => insertspringitem
    [spring_type_id] => 1
    [component_id] => 3
    [sc_ut] => 1
    [pn_ut] => 1
    [soh_ut] => 3
    [ito] => 0
    [a_usage] => 0
    [details] => Array
        (
            [0] => Array
                (
                    [sc_kpp] => 1
                    [pn_sm] => 1
                    [soh_sm] => 1
                    [jumlah_order] => 1
                    [mit] => 1
                    [d_out] => 1
                    [brand_id] => 2
                )

        )

)
Inserting spring_item:
Array
(
    [spring_type_id] => 1
    [component_id] => 3
    [sc_ut] => 1
    [pn_ut] => 1
    [soh_ut] => 3
    [total_soh] => 4
    [ito] => 0
    [a_usage] => 0
    [readiness] => 0
)
SQL: INSERT INTO spring_items (spring_type_id, component_id, sc_ut, pn_ut, soh_ut, total_soh, ito, a_usage, readiness) VALUES ('1', '3', '1', '1', '3', '4', '0', '0', '0')

==== INSERT SPRING ITEM ====
POST:
Array
(
    [action] => insertspringitem
    [spring_type_id] => 1
    [component_id] => 3
    [sc_ut] => 1
    [pn_ut] => 1
    [soh_ut] => 3
    [ito] => 0
    [a_usage] => 0
    [details] => Array
        (
            [0] => Array
                (
                    [sc_kpp] => 1
                    [pn_sm] => 1
                    [soh_sm] => 1
                    [jumlah_order] => 1
                    [mit] => 1
                    [d_out] => 1
                    [brand_id] => 2
                )

        )

)
Inserting spring_item:
Array
(
    [spring_type_id] => 1
    [component_id] => 3
    [sc_ut] => 1
    [pn_ut] => 1
    [soh_ut] => 3
    [total_soh] => 4
    [ito] => 0
    [a_usage] => 0
    [readiness] => 0
)
SQL: INSERT INTO spring_items (spring_type_id, component_id, sc_ut, pn_ut, soh_ut, total_soh, ito, a_usage, readiness) VALUES ('1', '3', '1', '1', '3', '4', '0', '0', '0')

==== INSERT SPRING ITEM ====
POST:
Array
(
    [action] => insertspringitem
    [spring_type_id] => 1
    [component_id] => 3
    [sc_ut] => 1
    [pn_ut] => 1
    [soh_ut] => 2
    [ito] => 0
    [a_usage] => 0
    [details] => Array
        (
            [0] => Array
                (
                    [sc_kpp] => 1
                    [pn_sm] => 1
                    [soh_sm] => 1
                    [jumlah_order] => 0
                    [mit] => 0
                    [d_out] => 0
                    [brand_id] => 2
                )

        )

)
Inserting spring_item:
Array
(
    [spring_type_id] => 1
    [component_id] => 3
    [sc_ut] => 1
    [pn_ut] => 1
    [soh_ut] => 2
    [total_soh] => 3
    [ito] => 0
    [a_usage] => 0
    [readiness] => 0
)
SQL: INSERT INTO spring_items (spring_type_id, component_id, sc_ut, pn_ut, soh_ut, total_soh, ito, a_usage, readiness) VALUES ('1', '3', '1', '1', '2', '3', '0', '0', '0')

==== INSERT SPRING ITEM ====
POST:
Array
(
    [action] => insertspringitem
    [spring_type_id] => 1
    [component_id] => 3
    [sc_ut] => 1
    [pn_ut] => 1
    [soh_ut] => 1
    [ito] => 0
    [a_usage] => 0
    [details] => Array
        (
            [0] => Array
                (
                    [sc_kpp] => 1
                    [pn_sm] => 1
                    [soh_sm] => 3
                    [jumlah_order] => 0
                    [mit] => 0
                    [d_out] => 0
                    [brand_id] => 2
                )

        )

)
Inserting spring_item:
Array
(
    [spring_type_id] => 1
    [component_id] => 3
    [sc_ut] => 1
    [pn_ut] => 1
    [soh_ut] => 1
    [total_soh] => 4
    [ito] => 0
    [a_usage] => 0
    [readiness] => 0
)
SQL: INSERT INTO spring_items (spring_type_id, component_id, sc_ut, pn_ut, soh_ut, total_soh, ito, a_usage, readiness) VALUES ('1', '3', '1', '1', '1', '4', '0', '0', '0')
Inserted spring_item_id: 29
Detail Row 0:
Array
(
    [spring_item_id] => 29
    [sc_kpp] => 1
    [pn_sm] => 1
    [soh_sm] => 3
    [jumlah_order] => 0
    [mit] => 0
    [d_out] => 0
    [brand_id] => 2
)
SQL: INSERT INTO spring_item_details (spring_item_id, sc_kpp, pn_sm, soh_sm, jumlah_order, mit, d_out, brand_id) VALUES ('29', '1', '1', '3', '0', '0', '0', '2')

==== INSERT SPRING ITEM ====
POST:
Array
(
    [action] => insertspringitem
    [spring_type_id] => 1
    [component_id] => 3
    [sc_ut] => 1
    [pn_ut] => 1
    [soh_ut] => 3
    [ito] => 2
    [a_usage] => 1
    [details] => Array
        (
            [0] => Array
                (
                    [sc_kpp] => 1
                    [pn_sm] => 1
                    [soh_sm] => 2
                    [jumlah_order] => 1
                    [mit] => 1
                    [d_out] => 1
                    [brand_id] => 2
                )

            [1] => Array
                (
                    [sc_kpp] => 1
                    [pn_sm] => 1
                    [soh_sm] => 3
                    [jumlah_order] => 1
                    [mit] => 1
                    [d_out] => 3
                    [brand_id] => 2
                )

        )

)
Inserting spring_item:
Array
(
    [spring_type_id] => 1
    [component_id] => 3
    [sc_ut] => 1
    [pn_ut] => 1
    [soh_ut] => 3
    [total_soh] => 8
    [ito] => 2
    [a_usage] => 1
    [readiness] => 100
)
SQL: INSERT INTO spring_items (spring_type_id, component_id, sc_ut, pn_ut, soh_ut, total_soh, ito, a_usage, readiness) VALUES ('1', '3', '1', '1', '3', '8', '2', '1', '100')
Inserted spring_item_id: 30
Detail Row 0:
Array
(
    [spring_item_id] => 30
    [sc_kpp] => 1
    [pn_sm] => 1
    [soh_sm] => 2
    [jumlah_order] => 1
    [mit] => 1
    [d_out] => 1
    [brand_id] => 2
)
SQL: INSERT INTO spring_item_details (spring_item_id, sc_kpp, pn_sm, soh_sm, jumlah_order, mit, d_out, brand_id) VALUES ('30', '1', '1', '2', '1', '1', '1', '2')
Detail Row 1:
Array
(
    [spring_item_id] => 30
    [sc_kpp] => 1
    [pn_sm] => 1
    [soh_sm] => 3
    [jumlah_order] => 1
    [mit] => 1
    [d_out] => 3
    [brand_id] => 2
)
SQL: INSERT INTO spring_item_details (spring_item_id, sc_kpp, pn_sm, soh_sm, jumlah_order, mit, d_out, brand_id) VALUES ('30', '1', '1', '3', '1', '1', '3', '2')

==== INSERT SPRING ITEM ====
POST:
Array
(
    [action] => insertspringitem
    [spring_type_id] => 1
    [component_id] => 3
    [sc_ut] => 1
    [pn_ut] => 1
    [soh_ut] => 2
    [ito] => 1
    [a_usage] => 1
    [details] => Array
        (
            [0] => Array
                (
                    [sc_kpp] => 1
                    [pn_sm] => 2
                    [soh_sm] => 3
                    [jumlah_order] => 2
                    [mit] => 2
                    [d_out] => 1
                    [brand_id] => 2
                )

            [1] => Array
                (
                    [sc_kpp] => 1
                    [pn_sm] => 2
                    [soh_sm] => 1
                    [jumlah_order] => 1
                    [mit] => 1
                    [d_out] => 1
                    [brand_id] => 1
                )

            [2] => Array
                (
                    [sc_kpp] => 2
                    [pn_sm] => 3
                    [soh_sm] => 2
                    [jumlah_order] => 1
                    [mit] => 1
                    [d_out] => 1
                    [brand_id] => 3
                )

        )

)
Inserting spring_item:
Array
(
    [spring_type_id] => 1
    [component_id] => 3
    [sc_ut] => 1
    [pn_ut] => 1
    [soh_ut] => 2
    [total_soh] => 8
    [ito] => 1
    [a_usage] => 1
    [readiness] => 100
)
SQL: INSERT INTO spring_items (spring_type_id, component_id, sc_ut, pn_ut, soh_ut, total_soh, ito, a_usage, readiness) VALUES ('1', '3', '1', '1', '2', '8', '1', '1', '100')
Inserted spring_item_id: 31
Detail Row 0:
Array
(
    [spring_item_id] => 31
    [sc_kpp] => 1
    [pn_sm] => 2
    [soh_sm] => 3
    [jumlah_order] => 2
    [mit] => 2
    [d_out] => 1
    [brand_id] => 2
)
SQL: INSERT INTO spring_item_details (spring_item_id, sc_kpp, pn_sm, soh_sm, jumlah_order, mit, d_out, brand_id) VALUES ('31', '1', '2', '3', '2', '2', '1', '2')
Detail Row 1:
Array
(
    [spring_item_id] => 31
    [sc_kpp] => 1
    [pn_sm] => 2
    [soh_sm] => 1
    [jumlah_order] => 1
    [mit] => 1
    [d_out] => 1
    [brand_id] => 1
)
SQL: INSERT INTO spring_item_details (spring_item_id, sc_kpp, pn_sm, soh_sm, jumlah_order, mit, d_out, brand_id) VALUES ('31', '1', '2', '1', '1', '1', '1', '1')
Detail Row 2:
Array
(
    [spring_item_id] => 31
    [sc_kpp] => 2
    [pn_sm] => 3
    [soh_sm] => 2
    [jumlah_order] => 1
    [mit] => 1
    [d_out] => 1
    [brand_id] => 3
)
SQL: INSERT INTO spring_item_details (spring_item_id, sc_kpp, pn_sm, soh_sm, jumlah_order, mit, d_out, brand_id) VALUES ('31', '2', '3', '2', '1', '1', '1', '3')

==== INSERT SPRING ITEM ====
POST:
Array
(
    [action] => insertspringitem
    [spring_type_id] => 1
    [component_id] => 3
    [sc_ut] => 
    [pn_ut] => 
    [soh_ut] => 0
    [ito] => 0
    [a_usage] => 0
    [details] => Array
        (
            [0] => Array
                (
                    [sc_kpp] => 
                    [pn_sm] => 
                    [soh_sm] => 0
                    [jumlah_order] => 0
                    [mit] => 0
                    [d_out] => 0
                    [brand_id] => 2
                )

            [1] => Array
                (
                    [sc_kpp] => 
                    [pn_sm] => 
                    [soh_sm] => 0
                    [jumlah_order] => 0
                    [mit] => 0
                    [d_out] => 0
                    [brand_id] => 2
                )

        )

)
Inserting spring_item:
Array
(
    [spring_type_id] => 1
    [component_id] => 3
    [sc_ut] => 
    [pn_ut] => 
    [soh_ut] => 0
    [total_soh] => 0
    [ito] => 0
    [a_usage] => 0
    [readiness] => 0
)
SQL: INSERT INTO spring_items (spring_type_id, component_id, sc_ut, pn_ut, soh_ut, total_soh, ito, a_usage, readiness) VALUES ('1', '3', '', '', '0', '0', '0', '0', '0')
Inserted spring_item_id: 32
Detail Row 0:
Array
(
    [spring_item_id] => 32
    [sc_kpp] => 
    [pn_sm] => 
    [soh_sm] => 0
    [jumlah_order] => 0
    [mit] => 0
    [d_out] => 0
    [brand_id] => 2
)
SQL: INSERT INTO spring_item_details (spring_item_id, sc_kpp, pn_sm, soh_sm, jumlah_order, mit, d_out, brand_id) VALUES ('32', '', '', '0', '0', '0', '0', '2')
Detail Row 1:
Array
(
    [spring_item_id] => 32
    [sc_kpp] => 
    [pn_sm] => 
    [soh_sm] => 0
    [jumlah_order] => 0
    [mit] => 0
    [d_out] => 0
    [brand_id] => 2
)
SQL: INSERT INTO spring_item_details (spring_item_id, sc_kpp, pn_sm, soh_sm, jumlah_order, mit, d_out, brand_id) VALUES ('32', '', '', '0', '0', '0', '0', '2')

==== INSERT SPRING ITEM ====
POST:
Array
(
    [action] => insertspringitem
    [spring_type_id] => 1
    [component_id] => 3
    [sc_ut] => 1
    [pn_ut] => 1
    [soh_ut] => 1
    [ito] => 1
    [a_usage] => 0
    [details] => Array
        (
            [0] => Array
                (
                    [sc_kpp] => 1
                    [pn_sm] => 1
                    [soh_sm] => 2
                    [jumlah_order] => 10
                    [mit] => 1
                    [d_out] => 1
                    [brand_id] => 2
                )

            [1] => Array
                (
                    [sc_kpp] => 1
                    [pn_sm] => 1
                    [soh_sm] => 5
                    [jumlah_order] => 1
                    [mit] => 2
                    [d_out] => 2
                    [brand_id] => 3
                )

        )

)
Inserting spring_item:
Array
(
    [spring_type_id] => 1
    [component_id] => 3
    [sc_ut] => 1
    [pn_ut] => 1
    [soh_ut] => 1
    [total_soh] => 8
    [ito] => 1
    [a_usage] => 0
    [readiness] => 0
)
SQL: INSERT INTO spring_items (spring_type_id, component_id, sc_ut, pn_ut, soh_ut, total_soh, ito, a_usage, readiness) VALUES ('1', '3', '1', '1', '1', '8', '1', '0', '0')
Inserted spring_item_id: 33
Detail Row 0:
Array
(
    [spring_item_id] => 33
    [sc_kpp] => 1
    [pn_sm] => 1
    [soh_sm] => 2
    [jumlah_order] => 10
    [mit] => 1
    [d_out] => 1
    [brand_id] => 2
)
SQL: INSERT INTO spring_item_details (spring_item_id, sc_kpp, pn_sm, soh_sm, jumlah_order, mit, d_out, brand_id) VALUES ('33', '1', '1', '2', '10', '1', '1', '2')
Detail Row 1:
Array
(
    [spring_item_id] => 33
    [sc_kpp] => 1
    [pn_sm] => 1
    [soh_sm] => 5
    [jumlah_order] => 1
    [mit] => 2
    [d_out] => 2
    [brand_id] => 3
)
SQL: INSERT INTO spring_item_details (spring_item_id, sc_kpp, pn_sm, soh_sm, jumlah_order, mit, d_out, brand_id) VALUES ('33', '1', '1', '5', '1', '2', '2', '3')

==== INSERT SPRING ITEM ====
POST:
Array
(
    [action] => insertspringitem
    [spring_type_id] => 1
    [component_id] => 3
    [sc_ut] => 1
    [pn_ut] => 1
    [soh_ut] => 0
    [ito] => 0
    [a_usage] => 0
    [details] => Array
        (
            [0] => Array
                (
                    [sc_kpp] => 1
                    [pn_sm] => 1
                    [soh_sm] => 6
                    [jumlah_order] => 0
                    [mit] => 0
                    [d_out] => 0
                    [brand_id] => 2
                )

            [1] => Array
                (
                    [sc_kpp] => 1
                    [pn_sm] => 1
                    [soh_sm] => 3
                    [jumlah_order] => 0
                    [mit] => 0
                    [d_out] => 0
                    [brand_id] => 2
                )

        )

)
Inserting spring_item:
Array
(
    [spring_type_id] => 1
    [component_id] => 3
    [sc_ut] => 1
    [pn_ut] => 1
    [soh_ut] => 0
    [total_soh] => 9
    [ito] => 0
    [a_usage] => 0
    [readiness] => 0
)
SQL: INSERT INTO spring_items (spring_type_id, component_id, sc_ut, pn_ut, soh_ut, total_soh, ito, a_usage, readiness) VALUES ('1', '3', '1', '1', '0', '9', '0', '0', '0')
Inserted spring_item_id: 34
Detail Row 0:
Array
(
    [spring_item_id] => 34
    [sc_kpp] => 1
    [pn_sm] => 1
    [soh_sm] => 6
    [jumlah_order] => 0
    [mit] => 0
    [d_out] => 0
    [brand_id] => 2
)
SQL: INSERT INTO spring_item_details (spring_item_id, sc_kpp, pn_sm, soh_sm, jumlah_order, mit, d_out, brand_id) VALUES ('34', '1', '1', '6', '0', '0', '0', '2')
Detail Row 1:
Array
(
    [spring_item_id] => 34
    [sc_kpp] => 1
    [pn_sm] => 1
    [soh_sm] => 3
    [jumlah_order] => 0
    [mit] => 0
    [d_out] => 0
    [brand_id] => 2
)
SQL: INSERT INTO spring_item_details (spring_item_id, sc_kpp, pn_sm, soh_sm, jumlah_order, mit, d_out, brand_id) VALUES ('34', '1', '1', '3', '0', '0', '0', '2')

==== INSERT SPRING ITEM ====
POST:
Array
(
    [action] => insertspringitem
    [spring_type_id] => 1
    [component_id] => 3
    [sc_ut] => 1
    [pn_ut] => 1
    [soh_ut] => 0
    [ito] => 0
    [a_usage] => 0
    [details] => Array
        (
            [0] => Array
                (
                    [sc_kpp] => 1
                    [pn_sm] => 1
                    [soh_sm] => 6
                    [jumlah_order] => 0
                    [mit] => 0
                    [d_out] => 0
                    [brand_id] => 2
                )

            [1] => Array
                (
                    [sc_kpp] => 1
                    [pn_sm] => 1
                    [soh_sm] => 3
                    [jumlah_order] => 0
                    [mit] => 0
                    [d_out] => 0
                    [brand_id] => 2
                )

        )

)
Inserting spring_item:
Array
(
    [spring_type_id] => 1
    [component_id] => 3
    [sc_ut] => 1
    [pn_ut] => 1
    [soh_ut] => 0
    [total_soh] => 9
    [ito] => 0
    [a_usage] => 0
    [readiness] => 0
)
SQL: INSERT INTO spring_items (spring_type_id, component_id, sc_ut, pn_ut, soh_ut, total_soh, ito, a_usage, readiness) VALUES ('1', '3', '1', '1', '0', '9', '0', '0', '0')
Inserted spring_item_id: 35
Detail Row 0:
Array
(
    [spring_item_id] => 35
    [sc_kpp] => 1
    [pn_sm] => 1
    [soh_sm] => 6
    [jumlah_order] => 0
    [mit] => 0
    [d_out] => 0
    [brand_id] => 2
)
SQL: INSERT INTO spring_item_details (spring_item_id, sc_kpp, pn_sm, soh_sm, jumlah_order, mit, d_out, brand_id) VALUES ('35', '1', '1', '6', '0', '0', '0', '2')
Inserted detail row 0
Detail Row 1:
Array
(
    [spring_item_id] => 35
    [sc_kpp] => 1
    [pn_sm] => 1
    [soh_sm] => 3
    [jumlah_order] => 0
    [mit] => 0
    [d_out] => 0
    [brand_id] => 2
)
SQL: INSERT INTO spring_item_details (spring_item_id, sc_kpp, pn_sm, soh_sm, jumlah_order, mit, d_out, brand_id) VALUES ('35', '1', '1', '3', '0', '0', '0', '2')
Inserted detail row 1

==== INSERT SPRING ITEM ====
POST:
Array
(
    [action] => insertspringitem
    [spring_type_id] => 1
    [component_id] => 3
    [sc_ut] => 1
    [pn_ut] => 1
    [soh_ut] => 0
    [ito] => 0
    [a_usage] => 0
    [details] => Array
        (
            [0] => Array
                (
                    [sc_kpp] => 1
                    [pn_sm] => 1
                    [soh_sm] => 6
                    [jumlah_order] => 0
                    [mit] => 0
                    [d_out] => 0
                    [brand_id] => 2
                )

            [1] => Array
                (
                    [sc_kpp] => 1
                    [pn_sm] => 1
                    [soh_sm] => 3
                    [jumlah_order] => 0
                    [mit] => 0
                    [d_out] => 0
                    [brand_id] => 2
                )

        )

)
Inserting spring_item:
Array
(
    [spring_type_id] => 1
    [component_id] => 3
    [sc_ut] => 1
    [pn_ut] => 1
    [soh_ut] => 0
    [total_soh] => 9
    [ito] => 0
    [a_usage] => 0
    [readiness] => 0
)
SQL: INSERT INTO spring_items (spring_type_id, component_id, sc_ut, pn_ut, soh_ut, total_soh, ito, a_usage, readiness) VALUES ('1', '3', '1', '1', '0', '9', '0', '0', '0')
Inserted spring_item_id: 36
Detail Row 0:
Array
(
    [spring_item_id] => 36
    [sc_kpp] => 1
    [pn_sm] => 1
    [soh_sm] => 6
    [jumlah_order] => 0
    [mit] => 0
    [d_out] => 0
    [brand_id] => 2
)
SQL: INSERT INTO spring_item_details (spring_item_id, sc_kpp, pn_sm, soh_sm, jumlah_order, mit, d_out, brand_id) VALUES ('36', '1', '1', '6', '0', '0', '0', '2')
Detail Row 1:
Array
(
    [spring_item_id] => 36
    [sc_kpp] => 1
    [pn_sm] => 1
    [soh_sm] => 3
    [jumlah_order] => 0
    [mit] => 0
    [d_out] => 0
    [brand_id] => 2
)
SQL: INSERT INTO spring_item_details (spring_item_id, sc_kpp, pn_sm, soh_sm, jumlah_order, mit, d_out, brand_id) VALUES ('36', '1', '1', '3', '0', '0', '0', '2')

==== INSERT SPRING ITEM ====
POST:
Array
(
    [action] => insertspringitem
    [spring_type_id] => 1
    [component_id] => 3
    [sc_ut] => 1
    [pn_ut] => 1
    [soh_ut] => 0
    [ito] => 0
    [a_usage] => 1
    [details] => Array
        (
            [0] => Array
                (
                    [sc_kpp] => 1
                    [pn_sm] => 1
                    [soh_sm] => 6
                    [jumlah_order] => 0
                    [mit] => 0
                    [d_out] => 0
                    [brand_id] => 2
                )

            [1] => Array
                (
                    [sc_kpp] => 1
                    [pn_sm] => 1
                    [soh_sm] => 3
                    [jumlah_order] => 0
                    [mit] => 0
                    [d_out] => 0
                    [brand_id] => 2
                )

        )

)
Inserting spring_item:
Array
(
    [spring_type_id] => 1
    [component_id] => 3
    [sc_ut] => 1
    [pn_ut] => 1
    [soh_ut] => 0
    [total_soh] => 9
    [ito] => 0
    [a_usage] => 1
    [readiness] => 0
)
SQL: INSERT INTO spring_items (spring_type_id, component_id, sc_ut, pn_ut, soh_ut, total_soh, ito, a_usage, readiness) VALUES ('1', '3', '1', '1', '0', '9', '0', '1', '0')
Inserted spring_item_id: 37
Detail Row 0:
Array
(
    [spring_item_id] => 37
    [sc_kpp] => 1
    [pn_sm] => 1
    [soh_sm] => 6
    [jumlah_order] => 0
    [mit] => 0
    [d_out] => 0
    [brand_id] => 2
)
SQL: INSERT INTO spring_item_details (spring_item_id, sc_kpp, pn_sm, soh_sm, jumlah_order, mit, d_out, brand_id) VALUES ('37', '1', '1', '6', '0', '0', '0', '2')
Detail Row 1:
Array
(
    [spring_item_id] => 37
    [sc_kpp] => 1
    [pn_sm] => 1
    [soh_sm] => 3
    [jumlah_order] => 0
    [mit] => 0
    [d_out] => 0
    [brand_id] => 2
)
SQL: INSERT INTO spring_item_details (spring_item_id, sc_kpp, pn_sm, soh_sm, jumlah_order, mit, d_out, brand_id) VALUES ('37', '1', '1', '3', '0', '0', '0', '2')

==== INSERT SPRING ITEM ====
POST:
Array
(
    [action] => insertspringitem
    [spring_type_id] => 1
    [component_id] => 3
    [sc_ut] => 1
    [pn_ut] => 1
    [soh_ut] => 1
    [ito] => 0
    [a_usage] => 1
    [details] => Array
        (
            [0] => Array
                (
                    [sc_kpp] => 1
                    [pn_sm] => 1
                    [soh_sm] => 1
                    [jumlah_order] => 0
                    [mit] => 0
                    [d_out] => 0
                    [brand_id] => 2
                )

        )

)
Inserting spring_item:
Array
(
    [spring_type_id] => 1
    [component_id] => 3
    [sc_ut] => 1
    [pn_ut] => 1
    [soh_ut] => 1
    [total_soh] => 2
    [ito] => 0
    [a_usage] => 1
    [readiness] => 100
)
SQL: INSERT INTO spring_items (spring_type_id, component_id, sc_ut, pn_ut, soh_ut, total_soh, ito, a_usage, readiness) VALUES ('1', '3', '1', '1', '1', '2', '0', '1', '100')
Inserted spring_item_id: 38
Detail Row 0:
Array
(
    [spring_item_id] => 38
    [sc_kpp] => 1
    [pn_sm] => 1
    [soh_sm] => 1
    [jumlah_order] => 0
    [mit] => 0
    [d_out] => 0
    [brand_id] => 2
)
SQL: INSERT INTO spring_item_details (spring_item_id, sc_kpp, pn_sm, soh_sm, jumlah_order, mit, d_out, brand_id) VALUES ('38', '1', '1', '1', '0', '0', '0', '2')

==== INSERT SPRING ITEM ====
POST:
Array
(
    [action] => insertspringitem
    [spring_type_id] => 2
    [component_id] => 3
    [sc_ut] => 1
    [pn_ut] => 1
    [soh_ut] => 0
    [ito] => 0
    [a_usage] => 0
    [details] => Array
        (
            [0] => Array
                (
                    [sc_kpp] => 1
                    [pn_sm] => 1
                    [soh_sm] => 4
                    [jumlah_order] => 0
                    [mit] => 0
                    [d_out] => 0
                    [brand_id] => 2
                )

            [1] => Array
                (
                    [sc_kpp] => 1
                    [pn_sm] => 1
                    [soh_sm] => 1
                    [jumlah_order] => 0
                    [mit] => 0
                    [d_out] => 0
                    [brand_id] => 2
                )

        )

)
Inserting spring_item:
Array
(
    [spring_type_id] => 2
    [component_id] => 3
    [sc_ut] => 1
    [pn_ut] => 1
    [soh_ut] => 0
    [total_soh] => 5
    [ito] => 0
    [a_usage] => 0
    [readiness] => 100
)
SQL: INSERT INTO spring_items (spring_type_id, component_id, sc_ut, pn_ut, soh_ut, total_soh, ito, a_usage, readiness) VALUES ('2', '3', '1', '1', '0', '5', '0', '0', '100')
Inserted spring_item_id: 39
Detail Row 0:
Array
(
    [spring_item_id] => 39
    [sc_kpp] => 1
    [pn_sm] => 1
    [soh_sm] => 4
    [jumlah_order] => 0
    [mit] => 0
    [d_out] => 0
    [brand_id] => 2
)
SQL: INSERT INTO spring_item_details (spring_item_id, sc_kpp, pn_sm, soh_sm, jumlah_order, mit, d_out, brand_id) VALUES ('39', '1', '1', '4', '0', '0', '0', '2')
Detail Row 1:
Array
(
    [spring_item_id] => 39
    [sc_kpp] => 1
    [pn_sm] => 1
    [soh_sm] => 1
    [jumlah_order] => 0
    [mit] => 0
    [d_out] => 0
    [brand_id] => 2
)
SQL: INSERT INTO spring_item_details (spring_item_id, sc_kpp, pn_sm, soh_sm, jumlah_order, mit, d_out, brand_id) VALUES ('39', '1', '1', '1', '0', '0', '0', '2')

==== INSERT SPRING ITEM ====
POST:
Array
(
    [action] => insertspringitem
    [spring_type_id] => 1
    [component_id] => 3
    [sc_ut] => 2222
    [pn_ut] => 1
    [soh_ut] => 0
    [ito] => 0
    [a_usage] => 0
    [details] => Array
        (
            [0] => Array
                (
                    [sc_kpp] => 2222
                    [pn_sm] => 1
                    [soh_sm] => 4
                    [jumlah_order] => 0
                    [mit] => 0
                    [d_out] => 0
                    [brand_id] => 2
                )

            [1] => Array
                (
                    [sc_kpp] => 44433
                    [pn_sm] => 3333
                    [soh_sm] => 1
                    [jumlah_order] => 0
                    [mit] => 0
                    [d_out] => 0
                    [brand_id] => 2
                )

        )

)
Inserting spring_item:
Array
(
    [spring_type_id] => 1
    [component_id] => 3
    [sc_ut] => 2222
    [pn_ut] => 1
    [soh_ut] => 0
    [total_soh] => 5
    [ito] => 0
    [a_usage] => 0
    [readiness] => 100
)
SQL: INSERT INTO spring_items (spring_type_id, component_id, sc_ut, pn_ut, soh_ut, total_soh, ito, a_usage, readiness) VALUES ('1', '3', '2222', '1', '0', '5', '0', '0', '100')
Inserted spring_item_id: 40
Detail Row 0:
Array
(
    [spring_item_id] => 40
    [sc_kpp] => 2222
    [pn_sm] => 1
    [soh_sm] => 4
    [jumlah_order] => 0
    [mit] => 0
    [d_out] => 0
    [brand_id] => 2
)
SQL: INSERT INTO spring_item_details (spring_item_id, sc_kpp, pn_sm, soh_sm, jumlah_order, mit, d_out, brand_id) VALUES ('40', '2222', '1', '4', '0', '0', '0', '2')
Detail Row 1:
Array
(
    [spring_item_id] => 40
    [sc_kpp] => 44433
    [pn_sm] => 3333
    [soh_sm] => 1
    [jumlah_order] => 0
    [mit] => 0
    [d_out] => 0
    [brand_id] => 2
)
SQL: INSERT INTO spring_item_details (spring_item_id, sc_kpp, pn_sm, soh_sm, jumlah_order, mit, d_out, brand_id) VALUES ('40', '44433', '3333', '1', '0', '0', '0', '2')

==== INSERT SPRING ITEM ====
POST:
Array
(
    [action] => insertspringitem
    [spring_type_id] => 1
    [component_id] => 3
    [sc_ut] => 1
    [pn_ut] => 1
    [soh_ut] => 0
    [ito] => 0
    [a_usage] => 0
    [details] => Array
        (
            [0] => Array
                (
                    [sc_kpp] => 1
                    [pn_sm] => 1
                    [soh_sm] => 4
                    [jumlah_order] => 0
                    [mit] => 0
                    [d_out] => 0
                    [brand_id] => 3
                )

            [1] => Array
                (
                    [sc_kpp] => 1
                    [pn_sm] => 1
                    [soh_sm] => 1
                    [jumlah_order] => 0
                    [mit] => 0
                    [d_out] => 0
                    [brand_id] => 2
                )

        )

)
SQL: INSERT INTO spring_items (spring_type_id, component_id, sc_ut, pn_ut, soh_ut, total_soh, ito, a_usage, readiness, created_at) VALUES ('1', '3', '1', '1', '0', '5', '0', '0', '100', '2025-05-15 07:03:50')

==== INSERT SPRING ITEM ====
POST:
Array
(
    [action] => insertspringitem
    [spring_type_id] => 1
    [component_id] => 3
    [sc_ut] => 1
    [pn_ut] => 1
    [soh_ut] => 0
    [ito] => 0
    [a_usage] => 0
    [details] => Array
        (
            [0] => Array
                (
                    [sc_kpp] => 1
                    [pn_sm] => 1
                    [soh_sm] => 4
                    [jumlah_order] => 1
                    [mit] => 0
                    [d_out] => 0
                    [brand_id] => 2
                )

            [1] => Array
                (
                    [sc_kpp] => 1
                    [pn_sm] => 1
                    [soh_sm] => 1
                    [jumlah_order] => 0
                    [mit] => 0
                    [d_out] => 0
                    [brand_id] => 3
                )

        )

)
Inserting spring_item:
Array
(
    [spring_type_id] => 1
    [component_id] => 3
    [sc_ut] => 1
    [pn_ut] => 1
    [soh_ut] => 0
    [total_soh] => 5
    [ito] => 0
    [a_usage] => 0
    [readiness] => 100
)
SQL: INSERT INTO spring_items (spring_type_id, component_id, sc_ut, pn_ut, soh_ut, total_soh, ito, a_usage, readiness) VALUES ('1', '3', '1', '1', '0', '5', '0', '0', '100')
Inserted spring_item_id: 42
Detail Row 0:
Array
(
    [spring_item_id] => 42
    [sc_kpp] => 1
    [pn_sm] => 1
    [soh_sm] => 4
    [jumlah_order] => 1
    [mit] => 0
    [d_out] => 0
    [brand_id] => 2
)
SQL: INSERT INTO spring_item_details (spring_item_id, sc_kpp, pn_sm, soh_sm, jumlah_order, mit, d_out, brand_id) VALUES ('42', '1', '1', '4', '1', '0', '0', '2')
Detail Row 1:
Array
(
    [spring_item_id] => 42
    [sc_kpp] => 1
    [pn_sm] => 1
    [soh_sm] => 1
    [jumlah_order] => 0
    [mit] => 0
    [d_out] => 0
    [brand_id] => 3
)
SQL: INSERT INTO spring_item_details (spring_item_id, sc_kpp, pn_sm, soh_sm, jumlah_order, mit, d_out, brand_id) VALUES ('42', '1', '1', '1', '0', '0', '0', '3')

==== INSERT SPRING ITEM ====
POST:
Array
(
    [action] => insertspringitem
    [spring_type_id] => 1
    [component_id] => 3
    [sc_ut] => 1
    [pn_ut] => 1
    [soh_ut] => 0
    [ito] => 0
    [a_usage] => 0
    [details] => Array
        (
            [0] => Array
                (
                    [sc_kpp] => 1
                    [pn_sm] => 1
                    [soh_sm] => 0
                    [jumlah_order] => 0
                    [mit] => 0
                    [d_out] => 0
                    [brand_id] => 2
                )

            [1] => Array
                (
                    [sc_kpp] => 1
                    [pn_sm] => 1
                    [soh_sm] => 0
                    [jumlah_order] => 0
                    [mit] => 0
                    [d_out] => 0
                    [brand_id] => 2
                )

        )

)
Inserting spring_item:
Array
(
    [spring_type_id] => 1
    [component_id] => 3
    [sc_ut] => 1
    [pn_ut] => 1
    [soh_ut] => 0
    [total_soh] => 0
    [ito] => 0
    [a_usage] => 0
    [readiness] => 0
)
SQL: INSERT INTO spring_items (spring_type_id, component_id, sc_ut, pn_ut, soh_ut, total_soh, ito, a_usage, readiness) VALUES ('1', '3', '1', '1', '0', '0', '0', '0', '0')
Inserted spring_item_id: 43
Detail Row 0:
Array
(
    [spring_item_id] => 43
    [sc_kpp] => 1
    [pn_sm] => 1
    [soh_sm] => 0
    [jumlah_order] => 0
    [mit] => 0
    [d_out] => 0
    [brand_id] => 2
)
SQL: INSERT INTO spring_item_details (spring_item_id, sc_kpp, pn_sm, soh_sm, jumlah_order, mit, d_out, brand_id) VALUES ('43', '1', '1', '0', '0', '0', '0', '2')
Detail Row 1:
Array
(
    [spring_item_id] => 43
    [sc_kpp] => 1
    [pn_sm] => 1
    [soh_sm] => 0
    [jumlah_order] => 0
    [mit] => 0
    [d_out] => 0
    [brand_id] => 2
)
SQL: INSERT INTO spring_item_details (spring_item_id, sc_kpp, pn_sm, soh_sm, jumlah_order, mit, d_out, brand_id) VALUES ('43', '1', '1', '0', '0', '0', '0', '2')

==== INSERT SPRING ITEM ====
POST:
Array
(
    [action] => insertspringitem
    [spring_type_id] => 1
    [component_id] => 3
    [sc_ut] => 1
    [pn_ut] => 1
    [soh_ut] => 0
    [ito] => 0
    [a_usage] => 0
    [details] => Array
        (
            [0] => Array
                (
                    [sc_kpp] => 1
                    [pn_sm] => 1
                    [soh_sm] => 2
                    [jumlah_order] => 0
                    [mit] => 0
                    [d_out] => 0
                    [brand_id] => 2
                )

            [1] => Array
                (
                    [sc_kpp] => 1
                    [pn_sm] => 1
                    [soh_sm] => 2
                    [jumlah_order] => 0
                    [mit] => 0
                    [d_out] => 0
                    [brand_id] => 3
                )

        )

)
Inserting spring_item:
Array
(
    [spring_type_id] => 1
    [component_id] => 3
    [sc_ut] => 1
    [pn_ut] => 1
    [soh_ut] => 0
    [total_soh] => 4
    [ito] => 0
    [a_usage] => 0
    [readiness] => 100
)
SQL: INSERT INTO spring_items (spring_type_id, component_id, sc_ut, pn_ut, soh_ut, total_soh, ito, a_usage, readiness) VALUES ('1', '3', '1', '1', '0', '4', '0', '0', '100')
Inserted spring_item_id: 44
Detail Row 0:
Array
(
    [spring_item_id] => 44
    [sc_kpp] => 1
    [pn_sm] => 1
    [soh_sm] => 2
    [jumlah_order] => 0
    [mit] => 0
    [d_out] => 0
    [brand_id] => 2
)
SQL: INSERT INTO spring_item_details (spring_item_id, sc_kpp, pn_sm, soh_sm, jumlah_order, mit, d_out, brand_id) VALUES ('44', '1', '1', '2', '0', '0', '0', '2')
Detail Row 1:
Array
(
    [spring_item_id] => 44
    [sc_kpp] => 1
    [pn_sm] => 1
    [soh_sm] => 2
    [jumlah_order] => 0
    [mit] => 0
    [d_out] => 0
    [brand_id] => 3
)
SQL: INSERT INTO spring_item_details (spring_item_id, sc_kpp, pn_sm, soh_sm, jumlah_order, mit, d_out, brand_id) VALUES ('44', '1', '1', '2', '0', '0', '0', '3')

==== INSERT SPRING ITEM ====
POST:
Array
(
    [action] => insertspringitem
    [spring_type_id] => 1
    [component_id] => 3
    [sc_ut] => 6
    [pn_ut] => 2
    [soh_ut] => 0
    [ito] => 0
    [a_usage] => 0
    [details] => Array
        (
            [0] => Array
                (
                    [sc_kpp] => 3
                    [pn_sm] => 2
                    [soh_sm] => 1
                    [jumlah_order] => 0
                    [mit] => 0
                    [d_out] => 0
                    [brand_id] => 2
                )

            [1] => Array
                (
                    [sc_kpp] => 2
                    [pn_sm] => 1
                    [soh_sm] => 5
                    [jumlah_order] => 0
                    [mit] => 0
                    [d_out] => 0
                    [brand_id] => 1
                )

        )

)
Inserting spring_item:
Array
(
    [spring_type_id] => 1
    [component_id] => 3
    [sc_ut] => 6
    [pn_ut] => 2
    [soh_ut] => 0
    [total_soh] => 6
    [ito] => 0
    [a_usage] => 0
    [readiness] => 100
)
SQL: INSERT INTO spring_items (spring_type_id, component_id, sc_ut, pn_ut, soh_ut, total_soh, ito, a_usage, readiness) VALUES ('1', '3', '6', '2', '0', '6', '0', '0', '100')
Inserted spring_item_id: 45
Detail Row 0:
Array
(
    [spring_item_id] => 45
    [sc_kpp] => 3
    [pn_sm] => 2
    [soh_sm] => 1
    [jumlah_order] => 0
    [mit] => 0
    [d_out] => 0
    [brand_id] => 2
)
SQL: INSERT INTO spring_item_details (spring_item_id, sc_kpp, pn_sm, soh_sm, jumlah_order, mit, d_out, brand_id) VALUES ('45', '3', '2', '1', '0', '0', '0', '2')
Detail Row 1:
Array
(
    [spring_item_id] => 45
    [sc_kpp] => 2
    [pn_sm] => 1
    [soh_sm] => 5
    [jumlah_order] => 0
    [mit] => 0
    [d_out] => 0
    [brand_id] => 1
)
SQL: INSERT INTO spring_item_details (spring_item_id, sc_kpp, pn_sm, soh_sm, jumlah_order, mit, d_out, brand_id) VALUES ('45', '2', '1', '5', '0', '0', '0', '1')

==== INSERT SPRING ITEM ====
POST:
Array
(
    [action] => insertspringitem
    [spring_type_id] => 1
    [component_id] => 3
    [sc_ut] => 1
    [pn_ut] => 1
    [soh_ut] => 2
    [ito] => 0
    [a_usage] => 0
    [details] => Array
        (
            [0] => Array
                (
                    [sc_kpp] => 1
                    [pn_sm] => 2
                    [soh_sm] => 3
                    [jumlah_order] => 0
                    [mit] => 0
                    [d_out] => 0
                    [brand_id] => 2
                )

        )

)
Inserting spring_item:
Array
(
    [spring_type_id] => 1
    [component_id] => 3
    [sc_ut] => 1
    [pn_ut] => 1
    [soh_ut] => 2
    [total_soh] => 5
    [ito] => 0
    [a_usage] => 0
    [readiness] => 100
)
SQL: INSERT INTO spring_items (spring_type_id, component_id, sc_ut, pn_ut, soh_ut, total_soh, ito, a_usage, readiness) VALUES ('1', '3', '1', '1', '2', '5', '0', '0', '100')
Inserted spring_item_id: 46
Detail Row 0:
Array
(
    [spring_item_id] => 46
    [sc_kpp] => 1
    [pn_sm] => 2
    [soh_sm] => 3
    [jumlah_order] => 0
    [mit] => 0
    [d_out] => 0
    [brand_id] => 2
)
SQL: INSERT INTO spring_item_details (spring_item_id, sc_kpp, pn_sm, soh_sm, jumlah_order, mit, d_out, brand_id) VALUES ('46', '1', '2', '3', '0', '0', '0', '2')

==== INSERT SPRING ITEM ====
POST:
Array
(
    [action] => insertspringitem
    [spring_type_id] => 1
    [component_id] => 3
    [sc_ut] => 1
    [pn_ut] => 1
    [soh_ut] => 0
    [ito] => 0
    [a_usage] => 0
    [details] => Array
        (
            [0] => Array
                (
                    [sc_kpp] => 1
                    [pn_sm] => 1
                    [soh_sm] => 2
                    [jumlah_order] => 0
                    [mit] => 0
                    [d_out] => 0
                    [brand_id] => 2
                )

        )

)
Inserting spring_item:
Array
(
    [spring_type_id] => 1
    [component_id] => 3
    [sc_ut] => 1
    [pn_ut] => 1
    [soh_ut] => 0
    [total_soh] => 2
    [ito] => 0
    [a_usage] => 0
    [readiness] => 100
)
SQL: INSERT INTO spring_items (spring_type_id, component_id, sc_ut, pn_ut, soh_ut, total_soh, ito, a_usage, readiness) VALUES ('1', '3', '1', '1', '0', '2', '0', '0', '100')
Inserted spring_item_id: 47
Detail Row 0:
Array
(
    [spring_item_id] => 47
    [sc_kpp] => 1
    [pn_sm] => 1
    [soh_sm] => 2
    [jumlah_order] => 0
    [mit] => 0
    [d_out] => 0
    [brand_id] => 2
)
SQL: INSERT INTO spring_item_details (spring_item_id, sc_kpp, pn_sm, soh_sm, jumlah_order, mit, d_out, brand_id) VALUES ('47', '1', '1', '2', '0', '0', '0', '2')

==== INSERT SPRING ITEM ====
POST:
Array
(
    [action] => insertspringitem
    [spring_type_id] => 1
    [component_id] => 3
    [sc_ut] => 1
    [pn_ut] => 1
    [soh_ut] => 0
    [ito] => 0
    [a_usage] => 0
    [details] => Array
        (
            [0] => Array
                (
                    [sc_kpp] => 1
                    [pn_sm] => 1
                    [soh_sm] => 0
                    [jumlah_order] => 0
                    [mit] => 0
                    [d_out] => 0
                    [brand_id] => 2
                )

        )

)
Inserting spring_item:
Array
(
    [spring_type_id] => 1
    [component_id] => 3
    [sc_ut] => 1
    [pn_ut] => 1
    [soh_ut] => 0
    [total_soh] => 0
    [ito] => 0
    [a_usage] => 0
    [readiness] => 0
)
SQL: INSERT INTO spring_items (spring_type_id, component_id, sc_ut, pn_ut, soh_ut, total_soh, ito, a_usage, readiness) VALUES ('1', '3', '1', '1', '0', '0', '0', '0', '0')
Inserted spring_item_id: 48
Detail Row 0:
Array
(
    [spring_item_id] => 48
    [sc_kpp] => 1
    [pn_sm] => 1
    [soh_sm] => 0
    [jumlah_order] => 0
    [mit] => 0
    [d_out] => 0
    [brand_id] => 2
)
SQL: INSERT INTO spring_item_details (spring_item_id, sc_kpp, pn_sm, soh_sm, jumlah_order, mit, d_out, brand_id) VALUES ('48', '1', '1', '0', '0', '0', '0', '2')
SQL: INSERT INTO items (mnemonic, old_sc, old_pn, new_pn, description, status, class, remark) VALUES ('SCNIA', '200519', '1422474', '1422474', '*PI* V-CLAMP', 'v', 'v', 'oke')
SQL: INSERT INTO stock_levels (item_id, min_stock, max_stock, oh_skk) VALUES ('3', '22', '100', '1')
SQL: INSERT INTO purchase_orders (item_id, total_po, incoming, eta) VALUES ('3', '221', 'test', '')
SQL: INSERT INTO items (mnemonic, old_sc, old_pn, new_pn, description, status, class, remark) VALUES ('SCNIA', '200519', '1422474', '1422474', '*PI* V-CLAMP', 'v', 'v', 'oke')
SQL: INSERT INTO stock_levels (item_id, min_stock, max_stock, oh_skk) VALUES ('4', '22', '100', '1')
SQL: INSERT INTO purchase_orders (item_id, total_po, incoming, eta) VALUES ('4', '221', 'test', '')
SQL: INSERT INTO items (mnemonic, old_sc, old_pn, new_pn, description, status, class, remark) VALUES ('SCNIA', '200519', '1422474', '1422474', '*PI* V-CLAMP', 'v', 'v', 'oke')
SQL: INSERT INTO stock_levels (item_id, min_stock, max_stock, oh_skk) VALUES ('5', '22', '100', '1')
SQL: INSERT INTO purchase_orders (item_id, total_po, incoming, eta) VALUES ('5', '221', 'test', '')
SQL: INSERT INTO items (mnemonic, old_sc, old_pn, new_pn, description, status, class, remark) VALUES ('SCNIA', '200519', '1422474', '1422474', '*PI* V-CLAMP', 'v', 'v', 'oke')
SQL: INSERT INTO stock_levels (item_id, min_stock, max_stock, oh_skk) VALUES ('6', '22', '100', '1')
SQL: INSERT INTO purchase_orders (item_id, total_po, incoming, eta) VALUES ('6', '221', 'test', '1747432800')
SQL: INSERT INTO items (mnemonic, old_sc, old_pn, new_pn, description, status, remark) VALUES ('P500X', 'SC10', 'PN10', 'NP10', 'Komponen X', 'Ready', 'Normal operation')
SQL: INSERT INTO stock_levels (item_id, min_stock, max_stock, oh_skk) VALUES ('7', '10', '20', '5')
SQL: INSERT INTO purchase_orders (item_id, total_po, incoming, eta) VALUES ('7', '4', '2', '2025-06-20')
SQL: INSERT INTO items (mnemonic, old_sc, old_pn, new_pn, description, status, remark) VALUES ('P501Y', 'SC11', 'PN11', 'NP11', 'Komponen Y', 'Pending', 'Perlu review teknis')
SQL: INSERT INTO stock_levels (item_id, min_stock, max_stock, oh_skk) VALUES ('8', '15', '30', '0')
SQL: INSERT INTO purchase_orders (item_id, total_po, incoming, eta) VALUES ('8', '3', '1', '2025-07-10')
SQL: INSERT INTO items (mnemonic, old_sc, old_pn, new_pn, description, status, remark) VALUES ('P502Z', 'SC12', 'PN12', 'NP12', 'Komponen Z', 'Out of Stock', 'Segera reorder')
SQL: INSERT INTO stock_levels (item_id, min_stock, max_stock, oh_skk) VALUES ('9', '8', '16', '2')
SQL: INSERT INTO purchase_orders (item_id, total_po, incoming, eta) VALUES ('9', '0', '0', '2025-08-05')
SQL: INSERT INTO items (mnemonic, old_sc, old_pn, new_pn, description, status, remark) VALUES ('P503A', 'SC13', 'PN13', 'NP13', 'Komponen A', 'Ready', 'Stok aman')
SQL: INSERT INTO stock_levels (item_id, min_stock, max_stock, oh_skk) VALUES ('10', '12', '25', '6')
SQL: INSERT INTO purchase_orders (item_id, total_po, incoming, eta) VALUES ('10', '1', '1', '2025-06-30')
SQL: INSERT INTO items (mnemonic, old_sc, old_pn, new_pn, description, status, remark) VALUES ('P504B', 'SC14', 'PN14', 'NP14', 'Komponen B', 'Pending', 'Butuh konfirmasi vendor')
SQL: INSERT INTO stock_levels (item_id, min_stock, max_stock, oh_skk) VALUES ('11', '5', '10', '0')
SQL: INSERT INTO purchase_orders (item_id, total_po, incoming, eta) VALUES ('11', '0', '0', '2025-09-15')
SQL: INSERT INTO items (mnemonic, old_sc, old_pn, new_pn, description, status, remark) VALUES ('P500X', 'SC10', 'PN10', 'NP10', 'Komponen X', 'Ready', 'Normal operation')
SQL: INSERT INTO stock_levels (item_id, min_stock, max_stock, oh_skk) VALUES ('12', '10', '25', '5')
SQL: INSERT INTO purchase_orders (item_id, total_po, incoming, eta) VALUES ('12', '4', '2', '2025-06-20')
SQL: INSERT INTO items (mnemonic, old_sc, old_pn, new_pn, description, status, remark) VALUES ('P501Y', 'SC11', 'PN11', 'NP11', 'Komponen Y', 'Pending', 'Perlu review teknis')
SQL: INSERT INTO stock_levels (item_id, min_stock, max_stock, oh_skk) VALUES ('13', '15', '34', '0')
SQL: INSERT INTO purchase_orders (item_id, total_po, incoming, eta) VALUES ('13', '3', '1', '2025-07-10')
SQL: INSERT INTO items (mnemonic, old_sc, old_pn, new_pn, description, status, remark) VALUES ('P502Z', 'SC12', 'PN12', 'NP12', 'Komponen Z', 'Out of Stock', 'Segera reorder')
SQL: INSERT INTO stock_levels (item_id, min_stock, max_stock, oh_skk) VALUES ('14', '8', '12', '2')
SQL: INSERT INTO purchase_orders (item_id, total_po, incoming, eta) VALUES ('14', '0', '0', '2025-08-05')
SQL: INSERT INTO items (mnemonic, old_sc, old_pn, new_pn, description, status, remark) VALUES ('P503A', 'SC13', 'PN13', 'NP13', 'Komponen A', 'Ready', 'Stok aman')
SQL: INSERT INTO stock_levels (item_id, min_stock, max_stock, oh_skk) VALUES ('15', '12', '24', '6')
SQL: INSERT INTO purchase_orders (item_id, total_po, incoming, eta) VALUES ('15', '1', '1', '2025-06-30')
SQL: INSERT INTO items (mnemonic, old_sc, old_pn, new_pn, description, status, remark) VALUES ('P504B', 'SC14', 'PN14', 'NP14', 'Komponen B', 'Pending', 'Butuh konfirmasi vendor')
SQL: INSERT INTO stock_levels (item_id, min_stock, max_stock, oh_skk) VALUES ('16', '5', '15', '0')
SQL: INSERT INTO purchase_orders (item_id, total_po, incoming, eta) VALUES ('16', '0', '0', '2025-09-15')
SQL: INSERT INTO spring_items (spring_type_id, component_id, sc_ut, pn_ut, soh_ut, ito, a_usage, total_soh, readiness) VALUES ('1', '1', 'SCUT001', 'PNUT001', '5', '3', '2', '5', '100')
SQL: INSERT INTO spring_item_details (spring_item_id, sc_kpp, pn_sm, soh_sm, jumlah_order, mit, d_out, brand_id) VALUES ('49', 'SCKPP001', 'PNSM001', '3', '1', '0', '0', '1')
SQL: INSERT INTO spring_item_details (spring_item_id, sc_kpp, pn_sm, soh_sm, jumlah_order, mit, d_out, brand_id) VALUES ('49', 'SCKPP002', 'PNSM002', '2', '0', '0', '0', '2')
SQL: INSERT INTO spring_items (spring_type_id, component_id, sc_ut, pn_ut, soh_ut, ito, a_usage, total_soh, readiness) VALUES ('1', '1', 'SCUT001', 'PNUT001', '5', '3', '2', '5', '100')
SQL: INSERT INTO spring_items (spring_type_id, component_id, sc_ut, pn_ut, soh_ut, ito, a_usage, total_soh, readiness) VALUES ('1', '1', 'SCUT001', 'PNUT001', '5', '3', '2', '5', '100')
SQL: INSERT INTO spring_items (spring_type_id, component_id, sc_ut, pn_ut, soh_ut, ito, a_usage, total_soh, readiness) VALUES ('1', '1', 'SCUT001', 'PNUT001', '5', '3', '2', '5', '100')
SQL: INSERT INTO spring_items (spring_type_id, component_id, sc_ut, pn_ut, soh_ut, ito, a_usage, total_soh, readiness) VALUES ('1', '1', 'SCUT001', 'PNUT001', '5', '3', '2', '5', '100')
SQL: INSERT INTO spring_items (spring_type_id, component_id, sc_ut, pn_ut, soh_ut, ito, a_usage, total_soh, readiness) VALUES ('2', '2', 'SCUT002', 'PNUT002', '0', '1', '5', '0', '0')
SQL: INSERT INTO spring_items (spring_type_id, component_id, sc_ut, pn_ut, soh_ut, ito, a_usage, total_soh, readiness) VALUES ('1', '1', 'SCUT001', 'PNUT001', '5', '3', '2', '5', '100')
SQL: INSERT INTO spring_item_details (spring_item_id, sc_kpp, pn_sm, soh_sm, jumlah_order, mit, d_out, brand_id) VALUES ('55', 'SCKPP001', 'PNSM001', '3', '1', '0', '0', '1')
SQL: INSERT INTO spring_item_details (spring_item_id, sc_kpp, pn_sm, soh_sm, jumlah_order, mit, d_out, brand_id) VALUES ('55', 'SCKPP002', 'PNSM002', '2', '0', '0', '0', '2')
SQL: INSERT INTO spring_items (spring_type_id, component_id, sc_ut, pn_ut, soh_ut, ito, a_usage, total_soh, readiness) VALUES ('2', '2', 'SCUT002', 'PNUT002', '0', '1', '5', '0', '0')
SQL: INSERT INTO spring_item_details (spring_item_id, sc_kpp, pn_sm, soh_sm, jumlah_order, mit, d_out, brand_id) VALUES ('56', 'SCKPP003', 'PNSM003', '0', '1', '1', '1', '3')
SQL: INSERT INTO spring_items (spring_type_id, component_id, sc_ut, pn_ut, soh_ut, ito, a_usage, total_soh, readiness) VALUES ('1', '3', 'SCUT003', 'PNUT003', '4', '2', '3', '4', '100')
SQL: INSERT INTO spring_item_details (spring_item_id, sc_kpp, pn_sm, soh_sm, jumlah_order, mit, d_out, brand_id) VALUES ('57', 'SCKPP004', 'PNSM004', '4', '1', '0', '0', '2')
SQL: INSERT INTO spring_items (spring_type_id, component_id, sc_ut, pn_ut, soh_ut, ito, a_usage, total_soh, readiness) VALUES ('2', '1', 'SCUT004', 'PNUT004', '6', '3', '2', '6', '100')
SQL: INSERT INTO spring_item_details (spring_item_id, sc_kpp, pn_sm, soh_sm, jumlah_order, mit, d_out, brand_id) VALUES ('58', 'SCKPP005', 'PNSM005', '2', '1', '1', '1', '3')
SQL: INSERT INTO spring_items (spring_type_id, component_id, sc_ut, pn_ut, soh_ut, ito, a_usage, total_soh, readiness) VALUES ('1', '2', 'SCUT005', 'PNUT005', '0', '0', '0', '0', '0')
SQL: INSERT INTO spring_item_details (spring_item_id, sc_kpp, pn_sm, soh_sm, jumlah_order, mit, d_out, brand_id) VALUES ('59', 'SCKPP006', 'PNSM006', '0', '0', '0', '0', '1')
SQL: INSERT INTO spring_items (spring_type_id, component_id, sc_ut, pn_ut, soh_ut, ito, a_usage, total_soh, readiness) VALUES ('1', '1', 'SCUT001', 'PNUT001', '5', '3', '2', '5', '100')
SQL: INSERT INTO spring_item_details (spring_item_id, sc_kpp, pn_sm, soh_sm, jumlah_order, mit, d_out, brand_id) VALUES ('60', 'SCKPP001', 'PNSM001', '3', '1', '0', '0', '1')
SQL: INSERT INTO spring_item_details (spring_item_id, sc_kpp, pn_sm, soh_sm, jumlah_order, mit, d_out, brand_id) VALUES ('60', 'SCKPP002', 'PNSM002', '2', '0', '0', '0', '2')
SQL: INSERT INTO spring_items (spring_type_id, component_id, sc_ut, pn_ut, soh_ut, ito, a_usage, total_soh, readiness) VALUES ('2', '2', 'SCUT002', 'PNUT002', '0', '1', '5', '0', '0')
SQL: INSERT INTO spring_item_details (spring_item_id, sc_kpp, pn_sm, soh_sm, jumlah_order, mit, d_out, brand_id) VALUES ('61', 'SCKPP003', 'PNSM003', '0', '1', '1', '1', '3')
SQL: INSERT INTO spring_items (spring_type_id, component_id, sc_ut, pn_ut, soh_ut, ito, a_usage, total_soh, readiness) VALUES ('1', '3', 'SCUT003', 'PNUT003', '4', '2', '3', '4', '100')
SQL: INSERT INTO spring_item_details (spring_item_id, sc_kpp, pn_sm, soh_sm, jumlah_order, mit, d_out, brand_id) VALUES ('62', 'SCKPP004', 'PNSM004', '4', '1', '0', '0', '2')
SQL: INSERT INTO spring_items (spring_type_id, component_id, sc_ut, pn_ut, soh_ut, ito, a_usage, total_soh, readiness) VALUES ('2', '1', 'SCUT004', 'PNUT004', '6', '3', '2', '6', '100')
SQL: INSERT INTO spring_item_details (spring_item_id, sc_kpp, pn_sm, soh_sm, jumlah_order, mit, d_out, brand_id) VALUES ('63', 'SCKPP005', 'PNSM005', '2', '1', '1', '1', '3')
SQL: INSERT INTO spring_items (spring_type_id, component_id, sc_ut, pn_ut, soh_ut, ito, a_usage, total_soh, readiness) VALUES ('1', '2', 'SCUT005', 'PNUT005', '0', '0', '0', '0', '0')
SQL: INSERT INTO spring_item_details (spring_item_id, sc_kpp, pn_sm, soh_sm, jumlah_order, mit, d_out, brand_id) VALUES ('64', 'SCKPP006', 'PNSM006', '0', '0', '0', '0', '1')
